<?xml version="1.0" ?>
<coverage version="7.8.0" timestamp="1745177463846" lines-valid="67" lines-covered="57" line-rate="0.8507" branches-covered="0" branches-valid="0" branch-rate="0" complexity="0">
	<!-- Generated by coverage.py: https://coverage.readthedocs.io/en/7.8.0 -->
	<!-- Based on https://raw.githubusercontent.com/cobertura/web/master/htdocs/xml/coverage-04.dtd -->
	<sources>
		<source>D:\SEMS\Sem - 4\OPEN SOURCE\os\python-template-repo\src</source>
	</sources>
	<packages>
		<package name="." line-rate="1" branch-rate="0" complexity="0">
			<classes>
				<class name="__init__.py" filename="__init__.py" complexity="0" line-rate="1" branch-rate="0">
					<methods/>
					<lines>
						<line number="1" hits="1"/>
						<line number="3" hits="1"/>
					</lines>
				</class>
			</classes>
		</package>
		<package name="components" line-rate="1" branch-rate="0" complexity="0">
			<classes>
				<class name="__init__.py" filename="components/__init__.py" complexity="0" line-rate="1" branch-rate="0">
					<methods/>
					<lines>
						<line number="1" hits="1"/>
						<line number="3" hits="1"/>
					</lines>
				</class>
			</classes>
		</package>
		<package name="components.ai_conversation_client" line-rate="0.8413" branch-rate="0" complexity="0">
			<classes>
				<class name="__init__.py" filename="components/ai_conversation_client/__init__.py" complexity="0" line-rate="1" branch-rate="0">
					<methods/>
					<lines>
						<line number="6" hits="1"/>
						<line number="8" hits="1"/>
					</lines>
				</class>
				<class name="api.py" filename="components/ai_conversation_client/api.py" complexity="0" line-rate="1" branch-rate="0">
					<methods/>
					<lines>
						<line number="6" hits="1"/>
						<line number="8" hits="1"/>
						<line number="11" hits="1"/>
						<line number="18" hits="1"/>
						<line number="29" hits="1"/>
						<line number="47" hits="1"/>
						<line number="65" hits="1"/>
						<line number="77" hits="1"/>
						<line number="88" hits="1"/>
						<line number="100" hits="1"/>
						<line number="112" hits="1"/>
						<line number="127" hits="1"/>
						<line number="141" hits="1"/>
						<line number="152" hits="1"/>
					</lines>
				</class>
				<class name="interface.py" filename="components/ai_conversation_client/interface.py" complexity="0" line-rate="0.7872" branch-rate="0">
					<methods/>
					<lines>
						<line number="6" hits="1"/>
						<line number="7" hits="1"/>
						<line number="8" hits="1"/>
						<line number="11" hits="1"/>
						<line number="18" hits="1"/>
						<line number="19" hits="1"/>
						<line number="27" hits="1"/>
						<line number="28" hits="1"/>
						<line number="46" hits="1"/>
						<line number="47" hits="1"/>
						<line number="65" hits="1"/>
						<line number="66" hits="1"/>
						<line number="78" hits="1"/>
						<line number="79" hits="1"/>
						<line number="90" hits="1"/>
						<line number="91" hits="1"/>
						<line number="103" hits="1"/>
						<line number="104" hits="1"/>
						<line number="116" hits="1"/>
						<line number="117" hits="1"/>
						<line number="132" hits="1"/>
						<line number="133" hits="1"/>
						<line number="147" hits="1"/>
						<line number="148" hits="1"/>
						<line number="159" hits="1"/>
						<line number="160" hits="1"/>
						<line number="173" hits="1"/>
						<line number="176" hits="1"/>
						<line number="193" hits="0"/>
						<line number="195" hits="1"/>
						<line number="212" hits="0"/>
						<line number="214" hits="1"/>
						<line number="225" hits="0"/>
						<line number="227" hits="1"/>
						<line number="237" hits="0"/>
						<line number="239" hits="1"/>
						<line number="252" hits="0"/>
						<line number="254" hits="1"/>
						<line number="265" hits="0"/>
						<line number="267" hits="1"/>
						<line number="281" hits="0"/>
						<line number="283" hits="1"/>
						<line number="296" hits="0"/>
						<line number="298" hits="1"/>
						<line number="308" hits="0"/>
						<line number="310" hits="1"/>
						<line number="324" hits="0"/>
					</lines>
				</class>
			</classes>
		</package>
	</packages>
</coverage>
