<?xml version="1.0" ?>
<coverage version="7.8.0" timestamp="1745172041080" lines-valid="19" lines-covered="19" line-rate="1" branches-covered="0" branches-valid="0" branch-rate="0" complexity="0">
	<!-- Generated by coverage.py: https://coverage.readthedocs.io/en/7.8.0 -->
	<!-- Based on https://raw.githubusercontent.com/cobertura/web/master/htdocs/xml/coverage-04.dtd -->
	<sources>
		<source>/Users/bhanuprakash/python-template-repo/src</source>
	</sources>
	<packages>
		<package name="." line-rate="1" branch-rate="0" complexity="0">
			<classes>
				<class name="__init__.py" filename="__init__.py" complexity="0" line-rate="1" branch-rate="0">
					<methods/>
					<lines>
						<line number="1" hits="1"/>
						<line number="3" hits="1"/>
					</lines>
				</class>
			</classes>
		</package>
		<package name="components" line-rate="1" branch-rate="0" complexity="0">
			<classes>
				<class name="__init__.py" filename="components/__init__.py" complexity="0" line-rate="1" branch-rate="0">
					<methods/>
					<lines>
						<line number="1" hits="1"/>
						<line number="3" hits="1"/>
					</lines>
				</class>
			</classes>
		</package>
		<package name="components.ai_conversation_client" line-rate="1" branch-rate="0" complexity="0">
			<classes>
				<class name="__init__.py" filename="components/ai_conversation_client/__init__.py" complexity="0" line-rate="1" branch-rate="0">
					<methods/>
					<lines>
						<line number="6" hits="1"/>
						<line number="8" hits="1"/>
					</lines>
				</class>
				<class name="api.py" filename="components/ai_conversation_client/api.py" complexity="0" line-rate="1" branch-rate="0">
					<methods/>
					<lines>
						<line number="6" hits="1"/>
						<line number="9" hits="1"/>
						<line number="16" hits="1"/>
						<line number="24" hits="1"/>
						<line number="42" hits="1"/>
						<line number="60" hits="1"/>
						<line number="72" hits="1"/>
						<line number="83" hits="1"/>
						<line number="95" hits="1"/>
						<line number="107" hits="1"/>
						<line number="122" hits="1"/>
						<line number="136" hits="1"/>
						<line number="147" hits="1"/>
					</lines>
				</class>
			</classes>
		</package>
	</packages>
</coverage>
